<?xml version="1.0" encoding="UTF-8"?>
<coverage generated="1547197228557" clover="3.2.0">
  <project timestamp="1547197228558" name="All files">
    <metrics statements="55" coveredstatements="51" conditionals="14" coveredconditionals="7" methods="20" coveredmethods="15" elements="89" coveredelements="73" complexity="0" loc="55" ncloc="55" packages="4" files="6" classes="6">
      <package name="assets.icons">
        <metrics statements="1" coveredstatements="1" conditionals="0" coveredconditionals="0" methods="0" coveredmethods="0"/>
        <file name="symbol.png" path="/Users/hyochan/Documents/GitHub/dooboolab/react-native-training/react-navigation-ex/assets/icons/symbol.png">
          <metrics statements="1" coveredstatements="1" conditionals="0" coveredconditionals="0" methods="0" coveredmethods="0"/>
          <line num="1" count="1" type="stmt"/>
        </file>
      </package>
      <package name="src.components.screen">
        <metrics statements="24" coveredstatements="24" conditionals="2" coveredconditionals="2" methods="12" coveredmethods="9"/>
        <file name="Login.js" path="/Users/hyochan/Documents/GitHub/dooboolab/react-native-training/react-navigation-ex/src/components/screen/Login.js">
          <metrics statements="24" coveredstatements="24" conditionals="2" coveredconditionals="2" methods="12" coveredmethods="9"/>
          <line num="1" count="1" type="stmt"/>
          <line num="2" count="1" type="stmt"/>
          <line num="3" count="1" type="stmt"/>
          <line num="13" count="1" type="stmt"/>
          <line num="14" count="1" type="stmt"/>
          <line num="16" count="1" type="stmt"/>
          <line num="17" count="1" type="stmt"/>
          <line num="29" count="1" type="stmt"/>
          <line num="36" count="21" type="stmt"/>
          <line num="37" count="21" type="stmt"/>
          <line num="107" count="1" type="stmt"/>
          <line num="110" count="1" type="stmt"/>
          <line num="111" count="1" type="stmt"/>
          <line num="116" count="21" type="stmt"/>
          <line num="119" count="1" type="stmt"/>
          <line num="120" count="21" type="stmt"/>
          <line num="123" count="2" type="cond" truecount="2" falsecount="0"/>
          <line num="125" count="1" type="stmt"/>
          <line num="128" count="1" type="stmt"/>
          <line num="130" count="1" type="stmt"/>
          <line num="133" count="1" type="stmt"/>
          <line num="135" count="25" type="stmt"/>
          <line num="138" count="1" type="stmt"/>
          <line num="246" count="1" type="stmt"/>
        </file>
      </package>
      <package name="src.components.shared">
        <metrics statements="27" coveredstatements="23" conditionals="12" coveredconditionals="5" methods="8" coveredmethods="6"/>
        <file name="Button.js" path="/Users/hyochan/Documents/GitHub/dooboolab/react-native-training/react-navigation-ex/src/components/shared/Button.js">
          <metrics statements="11" coveredstatements="9" conditionals="6" coveredconditionals="3" methods="3" coveredmethods="3"/>
          <line num="1" count="1" type="stmt"/>
          <line num="2" count="1" type="stmt"/>
          <line num="3" count="1" type="stmt"/>
          <line num="27" count="1" type="stmt"/>
          <line num="81" count="28" type="stmt"/>
          <line num="94" count="32" type="cond" truecount="1" falsecount="1"/>
          <line num="95" count="0" type="stmt"/>
          <line num="103" count="32" type="cond" truecount="1" falsecount="1"/>
          <line num="104" count="0" type="stmt"/>
          <line num="112" count="32" type="stmt"/>
          <line num="131" count="1" type="stmt"/>
        </file>
        <file name="TextInput.js" path="/Users/hyochan/Documents/GitHub/dooboolab/react-native-training/react-navigation-ex/src/components/shared/TextInput.js">
          <metrics statements="16" coveredstatements="14" conditionals="6" coveredconditionals="2" methods="5" coveredmethods="3"/>
          <line num="1" count="1" type="stmt"/>
          <line num="2" count="1" type="stmt"/>
          <line num="3" count="1" type="stmt"/>
          <line num="10" count="1" type="stmt"/>
          <line num="20" count="1" type="stmt"/>
          <line num="84" count="1" type="stmt"/>
          <line num="91" count="28" type="stmt"/>
          <line num="92" count="28" type="stmt"/>
          <line num="93" count="28" type="stmt"/>
          <line num="94" count="28" type="stmt"/>
          <line num="96" count="1" type="stmt"/>
          <line num="98" count="32" type="stmt"/>
          <line num="99" count="32" type="stmt"/>
          <line num="119" count="0" type="stmt"/>
          <line num="120" count="0" type="stmt"/>
          <line num="127" count="1" type="stmt"/>
        </file>
      </package>
      <package name="src.utils">
        <metrics statements="3" coveredstatements="3" conditionals="0" coveredconditionals="0" methods="0" coveredmethods="0"/>
        <file name="Icons.js" path="/Users/hyochan/Documents/GitHub/dooboolab/react-native-training/react-navigation-ex/src/utils/Icons.js">
          <metrics statements="1" coveredstatements="1" conditionals="0" coveredconditionals="0" methods="0" coveredmethods="0"/>
          <line num="1" count="1" type="stmt"/>
        </file>
        <file name="Styles.js" path="/Users/hyochan/Documents/GitHub/dooboolab/react-native-training/react-navigation-ex/src/utils/Styles.js">
          <metrics statements="2" coveredstatements="2" conditionals="0" coveredconditionals="0" methods="0" coveredmethods="0"/>
          <line num="1" count="1" type="stmt"/>
          <line num="7" count="1" type="stmt"/>
        </file>
      </package>
    </metrics>
  </project>
</coverage>
