{"/Users/hyochan/Documents/GitHub/dooboolab/react-native-training/react-navigation-ex/assets/icons/symbol.png": {"path":"/Users/hyochan/Documents/GitHub/dooboolab/react-native-training/react-navigation-ex/assets/icons/symbol.png","statementMap":{"0":{"start":{"line":1,"column":0},"end":{"line":4,"column":6}}},"fnMap":{},"branchMap":{},"s":{"0":1},"f":{},"b":{},"_coverageSchema":"332fd63041d2c1bcb487cc26dd0d5f7d97098a6c","hash":"53a676726bcb49588a729a3f444384b9cac95add"}
,"/Users/hyochan/Documents/GitHub/dooboolab/react-native-training/react-navigation-ex/src/components/screen/Login.js": {"path":"/Users/hyochan/Documents/GitHub/dooboolab/react-native-training/react-navigation-ex/src/components/screen/Login.js","statementMap":{"0":{"start":{"line":1,"column":42},"end":{"line":1,"column":97}},"1":{"start":{"line":1,"column":128},"end":{"line":1,"column":184}},"2":{"start":{"line":1,"column":185},"end":{"line":1,"column":247}},"3":{"start":{"line":1,"column":247},"end":{"line":1,"column":289}},"4":{"start":{"line":1,"column":312},"end":{"line":1,"column":384}},"5":{"start":{"line":1,"column":405},"end":{"line":1,"column":474}},"6":{"start":{"line":1,"column":509},"end":{"line":1,"column":592}},"7":{"start":{"line":1,"column":616},"end":{"line":1,"column":688}},"8":{"start":{"line":1,"column":706},"end":{"line":1,"column":772}},"9":{"start":{"line":2,"column":13},"end":{"line":2,"column":54}},"10":{"start":{"line":3,"column":19},"end":{"line":3,"column":42}},"11":{"start":{"line":13,"column":17},"end":{"line":13,"column":71}},"12":{"start":{"line":14,"column":14},"end":{"line":14,"column":65}},"13":{"start":{"line":16,"column":13},"end":{"line":16,"column":41}},"14":{"start":{"line":17,"column":14},"end":{"line":17,"column":43}},"15":{"start":{"line":17,"column":63},"end":{"line":17,"column":179}},"16":{"start":{"line":29,"column":6},"end":{"line":135,"column":3161}},"17":{"start":{"line":29,"column":29},"end":{"line":29,"column":70}},"18":{"start":{"line":36,"column":33},"end":{"line":36,"column":74}},"19":{"start":{"line":37,"column":4},"end":{"line":37,"column":113}},"20":{"start":{"line":37,"column":113},"end":{"line":116,"column":6}},"21":{"start":{"line":107,"column":6},"end":{"line":115,"column":9}},"22":{"start":{"line":110,"column":8},"end":{"line":114,"column":17}},"23":{"start":{"line":111,"column":10},"end":{"line":112,"column":34}},"24":{"start":{"line":116,"column":6},"end":{"line":120,"column":6}},"25":{"start":{"line":119,"column":6},"end":{"line":119,"column":48}},"26":{"start":{"line":120,"column":6},"end":{"line":135,"column":6}},"27":{"start":{"line":123,"column":6},"end":{"line":133,"column":17}},"28":{"start":{"line":125,"column":10},"end":{"line":126,"column":27}},"29":{"start":{"line":128,"column":10},"end":{"line":128,"column":16}},"30":{"start":{"line":130,"column":10},"end":{"line":131,"column":30}},"31":{"start":{"line":133,"column":10},"end":{"line":133,"column":16}},"32":{"start":{"line":135,"column":6},"end":{"line":135,"column":68}},"33":{"start":{"line":135,"column":68},"end":{"line":135,"column":81}},"34":{"start":{"line":135,"column":82},"end":{"line":135,"column":3131}},"35":{"start":{"line":135,"column":171},"end":{"line":135,"column":175}},"36":{"start":{"line":135,"column":176},"end":{"line":135,"column":3125}},"37":{"start":{"line":135,"column":1346},"end":{"line":135,"column":1382}},"38":{"start":{"line":135,"column":1672},"end":{"line":135,"column":1711}},"39":{"start":{"line":135,"column":2032},"end":{"line":135,"column":2075}},"40":{"start":{"line":135,"column":2482},"end":{"line":135,"column":2506}},"41":{"start":{"line":135,"column":3131},"end":{"line":135,"column":3142}},"42":{"start":{"line":135,"column":3162},"end":{"line":135,"column":3184}},"43":{"start":{"line":135,"column":3184},"end":{"line":135,"column":3250}},"44":{"start":{"line":138,"column":13},"end":{"line":246,"column":41}},"45":{"start":{"line":246,"column":42},"end":{"line":246,"column":66}}},"fnMap":{"0":{"name":"(anonymous_0)","decl":{"start":{"line":29,"column":6},"end":{"line":29,"column":7}},"loc":{"start":{"line":29,"column":28},"end":{"line":135,"column":3143}},"line":29},"1":{"name":"App","decl":{"start":{"line":36,"column":11},"end":{"line":36,"column":14}},"loc":{"start":{"line":36,"column":22},"end":{"line":135,"column":82}},"line":36},"2":{"name":"(anonymous_2)","decl":{"start":{"line":106,"column":14},"end":{"line":106,"column":15}},"loc":{"start":{"line":106,"column":26},"end":{"line":116,"column":5}},"line":106},"3":{"name":"(anonymous_3)","decl":{"start":{"line":109,"column":6},"end":{"line":109,"column":7}},"loc":{"start":{"line":109,"column":18},"end":{"line":115,"column":7}},"line":109},"4":{"name":"(anonymous_4)","decl":{"start":{"line":110,"column":19},"end":{"line":110,"column":20}},"loc":{"start":{"line":110,"column":31},"end":{"line":114,"column":9}},"line":110},"5":{"name":"(anonymous_5)","decl":{"start":{"line":118,"column":19},"end":{"line":118,"column":20}},"loc":{"start":{"line":118,"column":31},"end":{"line":120,"column":5}},"line":118},"6":{"name":"(anonymous_6)","decl":{"start":{"line":122,"column":20},"end":{"line":122,"column":21}},"loc":{"start":{"line":122,"column":42},"end":{"line":135,"column":5}},"line":122},"7":{"name":"render","decl":{"start":{"line":135,"column":148},"end":{"line":135,"column":154}},"loc":{"start":{"line":135,"column":157},"end":{"line":135,"column":3126}},"line":135},"8":{"name":"onTextChanged","decl":{"start":{"line":135,"column":1325},"end":{"line":135,"column":1338}},"loc":{"start":{"line":135,"column":1345},"end":{"line":135,"column":1383}},"line":135},"9":{"name":"onTextChanged","decl":{"start":{"line":135,"column":1651},"end":{"line":135,"column":1664}},"loc":{"start":{"line":135,"column":1671},"end":{"line":135,"column":1712}},"line":135},"10":{"name":"onPress","decl":{"start":{"line":135,"column":2021},"end":{"line":135,"column":2028}},"loc":{"start":{"line":135,"column":2031},"end":{"line":135,"column":2076}},"line":135},"11":{"name":"onPress","decl":{"start":{"line":135,"column":2471},"end":{"line":135,"column":2478}},"loc":{"start":{"line":135,"column":2481},"end":{"line":135,"column":2507}},"line":135}},"branchMap":{"0":{"loc":{"start":{"line":123,"column":6},"end":{"line":133,"column":17}},"type":"switch","locations":[{"start":{"line":124,"column":8},"end":{"line":128,"column":16}},{"start":{"line":129,"column":8},"end":{"line":133,"column":16}}],"line":123}},"s":{"0":1,"1":1,"2":1,"3":1,"4":1,"5":1,"6":1,"7":1,"8":1,"9":1,"10":1,"11":1,"12":1,"13":1,"14":1,"15":1,"16":1,"17":1,"18":21,"19":21,"20":21,"21":1,"22":1,"23":1,"24":21,"25":1,"26":21,"27":2,"28":1,"29":1,"30":1,"31":1,"32":21,"33":21,"34":1,"35":25,"36":25,"37":0,"38":0,"39":0,"40":1,"41":1,"42":1,"43":1,"44":1,"45":1},"f":{"0":1,"1":21,"2":1,"3":1,"4":1,"5":1,"6":2,"7":25,"8":0,"9":0,"10":0,"11":1},"b":{"0":[1,1]},"_coverageSchema":"332fd63041d2c1bcb487cc26dd0d5f7d97098a6c","hash":"4268230da3264e05613920a6a4ba93bde7e7bf80"}
,"/Users/hyochan/Documents/GitHub/dooboolab/react-native-training/react-navigation-ex/src/components/shared/Button.js": {"path":"/Users/hyochan/Documents/GitHub/dooboolab/react-native-training/react-navigation-ex/src/components/shared/Button.js","statementMap":{"0":{"start":{"line":1,"column":42},"end":{"line":1,"column":97}},"1":{"start":{"line":1,"column":128},"end":{"line":1,"column":184}},"2":{"start":{"line":1,"column":185},"end":{"line":1,"column":247}},"3":{"start":{"line":1,"column":247},"end":{"line":1,"column":272}},"4":{"start":{"line":1,"column":295},"end":{"line":1,"column":367}},"5":{"start":{"line":1,"column":388},"end":{"line":1,"column":457}},"6":{"start":{"line":1,"column":492},"end":{"line":1,"column":575}},"7":{"start":{"line":1,"column":599},"end":{"line":1,"column":671}},"8":{"start":{"line":1,"column":689},"end":{"line":1,"column":755}},"9":{"start":{"line":2,"column":13},"end":{"line":2,"column":54}},"10":{"start":{"line":3,"column":19},"end":{"line":3,"column":42}},"11":{"start":{"line":3,"column":62},"end":{"line":3,"column":179}},"12":{"start":{"line":27,"column":13},"end":{"line":63,"column":17}},"13":{"start":{"line":81,"column":9},"end":{"line":131,"column":43}},"14":{"start":{"line":81,"column":32},"end":{"line":81,"column":76}},"15":{"start":{"line":81,"column":95},"end":{"line":81,"column":139}},"16":{"start":{"line":81,"column":139},"end":{"line":81,"column":255}},"17":{"start":{"line":81,"column":256},"end":{"line":131,"column":10}},"18":{"start":{"line":94,"column":6},"end":{"line":102,"column":7}},"19":{"start":{"line":95,"column":8},"end":{"line":98,"column":169}},"20":{"start":{"line":103,"column":6},"end":{"line":111,"column":7}},"21":{"start":{"line":104,"column":8},"end":{"line":107,"column":182}},"22":{"start":{"line":112,"column":6},"end":{"line":126,"column":169}},"23":{"start":{"line":131,"column":10},"end":{"line":131,"column":24}},"24":{"start":{"line":131,"column":44},"end":{"line":131,"column":69}},"25":{"start":{"line":131,"column":69},"end":{"line":131,"column":297}}},"fnMap":{"0":{"name":"(anonymous_0)","decl":{"start":{"line":81,"column":9},"end":{"line":81,"column":10}},"loc":{"start":{"line":81,"column":31},"end":{"line":131,"column":25}},"line":81},"1":{"name":"Shared","decl":{"start":{"line":81,"column":85},"end":{"line":81,"column":91}},"loc":{"start":{"line":81,"column":94},"end":{"line":81,"column":256}},"line":81},"2":{"name":"render","decl":{"start":{"line":81,"column":325},"end":{"line":81,"column":331}},"loc":{"start":{"line":93,"column":4},"end":{"line":131,"column":5}},"line":93}},"branchMap":{"0":{"loc":{"start":{"line":94,"column":6},"end":{"line":102,"column":7}},"type":"if","locations":[{"start":{"line":94,"column":6},"end":{"line":102,"column":7}},{"start":{"line":94,"column":6},"end":{"line":102,"column":7}}],"line":94},"1":{"loc":{"start":{"line":103,"column":6},"end":{"line":111,"column":7}},"type":"if","locations":[{"start":{"line":103,"column":6},"end":{"line":111,"column":7}},{"start":{"line":103,"column":6},"end":{"line":111,"column":7}}],"line":103},"2":{"loc":{"start":{"line":119,"column":8},"end":{"line":124,"column":114}},"type":"cond-expr","locations":[{"start":{"line":120,"column":8},"end":{"line":122,"column":97}},{"start":{"line":124,"column":8},"end":{"line":124,"column":114}}],"line":119}},"s":{"0":1,"1":1,"2":1,"3":1,"4":1,"5":1,"6":1,"7":1,"8":1,"9":1,"10":1,"11":1,"12":1,"13":1,"14":1,"15":28,"16":28,"17":1,"18":32,"19":0,"20":32,"21":0,"22":32,"23":1,"24":1,"25":1},"f":{"0":1,"1":28,"2":32},"b":{"0":[0,32],"1":[0,32],"2":[32,0]},"_coverageSchema":"332fd63041d2c1bcb487cc26dd0d5f7d97098a6c","hash":"694e88331cbd28f8e4e1b4cb3551acc8ff9873b6"}
,"/Users/hyochan/Documents/GitHub/dooboolab/react-native-training/react-navigation-ex/src/components/shared/TextInput.js": {"path":"/Users/hyochan/Documents/GitHub/dooboolab/react-native-training/react-navigation-ex/src/components/shared/TextInput.js","statementMap":{"0":{"start":{"line":1,"column":42},"end":{"line":1,"column":97}},"1":{"start":{"line":1,"column":128},"end":{"line":1,"column":184}},"2":{"start":{"line":1,"column":185},"end":{"line":1,"column":247}},"3":{"start":{"line":1,"column":247},"end":{"line":1,"column":272}},"4":{"start":{"line":1,"column":295},"end":{"line":1,"column":367}},"5":{"start":{"line":1,"column":388},"end":{"line":1,"column":457}},"6":{"start":{"line":1,"column":492},"end":{"line":1,"column":575}},"7":{"start":{"line":1,"column":599},"end":{"line":1,"column":671}},"8":{"start":{"line":1,"column":689},"end":{"line":1,"column":755}},"9":{"start":{"line":2,"column":13},"end":{"line":2,"column":54}},"10":{"start":{"line":3,"column":19},"end":{"line":3,"column":42}},"11":{"start":{"line":10,"column":14},"end":{"line":10,"column":43}},"12":{"start":{"line":10,"column":63},"end":{"line":10,"column":183}},"13":{"start":{"line":20,"column":13},"end":{"line":62,"column":37}},"14":{"start":{"line":84,"column":9},"end":{"line":127,"column":43}},"15":{"start":{"line":84,"column":32},"end":{"line":84,"column":76}},"16":{"start":{"line":91,"column":36},"end":{"line":91,"column":80}},"17":{"start":{"line":92,"column":4},"end":{"line":92,"column":116}},"18":{"start":{"line":93,"column":4},"end":{"line":94,"column":23}},"19":{"start":{"line":94,"column":23},"end":{"line":94,"column":36}},"20":{"start":{"line":96,"column":3},"end":{"line":127,"column":10}},"21":{"start":{"line":98,"column":18},"end":{"line":98,"column":22}},"22":{"start":{"line":99,"column":6},"end":{"line":123,"column":109}},"23":{"start":{"line":119,"column":39},"end":{"line":119,"column":81}},"24":{"start":{"line":120,"column":37},"end":{"line":120,"column":80}},"25":{"start":{"line":127,"column":10},"end":{"line":127,"column":24}},"26":{"start":{"line":127,"column":44},"end":{"line":127,"column":69}},"27":{"start":{"line":127,"column":69},"end":{"line":127,"column":179}}},"fnMap":{"0":{"name":"(anonymous_0)","decl":{"start":{"line":84,"column":9},"end":{"line":84,"column":10}},"loc":{"start":{"line":84,"column":31},"end":{"line":127,"column":25}},"line":84},"1":{"name":"Shared","decl":{"start":{"line":91,"column":11},"end":{"line":91,"column":17}},"loc":{"start":{"line":91,"column":25},"end":{"line":96,"column":3}},"line":91},"2":{"name":"render","decl":{"start":{"line":96,"column":72},"end":{"line":96,"column":78}},"loc":{"start":{"line":98,"column":4},"end":{"line":127,"column":5}},"line":98},"3":{"name":"onFocus","decl":{"start":{"line":119,"column":28},"end":{"line":119,"column":35}},"loc":{"start":{"line":119,"column":38},"end":{"line":119,"column":82}},"line":119},"4":{"name":"onBlur","decl":{"start":{"line":120,"column":27},"end":{"line":120,"column":33}},"loc":{"start":{"line":120,"column":36},"end":{"line":120,"column":81}},"line":120}},"branchMap":{"0":{"loc":{"start":{"line":105,"column":8},"end":{"line":109,"column":114}},"type":"cond-expr","locations":[{"start":{"line":106,"column":8},"end":{"line":107,"column":28}},{"start":{"line":109,"column":8},"end":{"line":109,"column":114}}],"line":105},"1":{"loc":{"start":{"line":106,"column":65},"end":{"line":106,"column":136}},"type":"cond-expr","locations":[{"start":{"line":106,"column":86},"end":{"line":106,"column":112}},{"start":{"line":106,"column":115},"end":{"line":106,"column":136}}],"line":106},"2":{"loc":{"start":{"line":113,"column":10},"end":{"line":113,"column":63}},"type":"cond-expr","locations":[{"start":{"line":113,"column":31},"end":{"line":113,"column":48}},{"start":{"line":113,"column":51},"end":{"line":113,"column":63}}],"line":113}},"s":{"0":1,"1":1,"2":1,"3":1,"4":1,"5":1,"6":1,"7":1,"8":1,"9":1,"10":1,"11":1,"12":1,"13":1,"14":1,"15":1,"16":28,"17":28,"18":28,"19":28,"20":1,"21":32,"22":32,"23":0,"24":0,"25":1,"26":1,"27":1},"f":{"0":1,"1":28,"2":32,"3":0,"4":0},"b":{"0":[0,32],"1":[0,0],"2":[0,32]},"_coverageSchema":"332fd63041d2c1bcb487cc26dd0d5f7d97098a6c","hash":"d9b08a2de1bf7918035a3a12c76d9ce221326cb4"}
,"/Users/hyochan/Documents/GitHub/dooboolab/react-native-training/react-navigation-ex/src/utils/Icons.js": {"path":"/Users/hyochan/Documents/GitHub/dooboolab/react-native-training/react-navigation-ex/src/utils/Icons.js","statementMap":{"0":{"start":{"line":1,"column":13},"end":{"line":1,"column":75}},"1":{"start":{"line":1,"column":75},"end":{"line":1,"column":99}},"2":{"start":{"line":1,"column":112},"end":{"line":1,"column":152}},"3":{"start":{"line":1,"column":153},"end":{"line":1,"column":177}}},"fnMap":{},"branchMap":{},"s":{"0":1,"1":1,"2":1,"3":1},"f":{},"b":{},"_coverageSchema":"332fd63041d2c1bcb487cc26dd0d5f7d97098a6c","hash":"9b7d82e4d5a7f43008fef9b9091ab56468c3e653"}
,"/Users/hyochan/Documents/GitHub/dooboolab/react-native-training/react-navigation-ex/src/utils/Styles.js": {"path":"/Users/hyochan/Documents/GitHub/dooboolab/react-native-training/react-navigation-ex/src/utils/Styles.js","statementMap":{"0":{"start":{"line":1,"column":13},"end":{"line":1,"column":75}},"1":{"start":{"line":1,"column":75},"end":{"line":1,"column":99}},"2":{"start":{"line":1,"column":112},"end":{"line":7,"column":32}},"3":{"start":{"line":7,"column":33},"end":{"line":7,"column":57}}},"fnMap":{},"branchMap":{},"s":{"0":1,"1":1,"2":1,"3":1},"f":{},"b":{},"_coverageSchema":"332fd63041d2c1bcb487cc26dd0d5f7d97098a6c","hash":"4ea5ae0d1f7a6f2bb3dcbc23447c9e1865223584"}
}
