TN:
SF:/Users/hyochan/Documents/GitHub/dooboolab/react-native-training/react-navigation-ex/assets/icons/symbol.png
FNF:0
FNH:0
DA:1,1
LF:1
LH:1
BRF:0
BRH:0
end_of_record
TN:
SF:/Users/hyochan/Documents/GitHub/dooboolab/react-native-training/react-navigation-ex/src/components/screen/Login.js
FN:29,(anonymous_0)
FN:36,App
FN:106,(anonymous_2)
FN:109,(anonymous_3)
FN:110,(anonymous_4)
FN:118,(anonymous_5)
FN:122,(anonymous_6)
FN:135,render
FN:135,onTextChanged
FN:135,onTextChanged
FN:135,onPress
FN:135,onPress
FNF:12
FNH:9
FNDA:1,(anonymous_0)
FNDA:21,App
FNDA:1,(anonymous_2)
FNDA:1,(anonymous_3)
FNDA:1,(anonymous_4)
FNDA:1,(anonymous_5)
FNDA:2,(anonymous_6)
FNDA:25,render
FNDA:0,onTextChanged
FNDA:0,onTextChanged
FNDA:0,onPress
FNDA:1,onPress
DA:1,1
DA:2,1
DA:3,1
DA:13,1
DA:14,1
DA:16,1
DA:17,1
DA:29,1
DA:36,21
DA:37,21
DA:107,1
DA:110,1
DA:111,1
DA:116,21
DA:119,1
DA:120,21
DA:123,2
DA:125,1
DA:128,1
DA:130,1
DA:133,1
DA:135,25
DA:138,1
DA:246,1
LF:24
LH:24
BRDA:123,0,0,1
BRDA:123,0,1,1
BRF:2
BRH:2
end_of_record
TN:
SF:/Users/hyochan/Documents/GitHub/dooboolab/react-native-training/react-navigation-ex/src/components/shared/Button.js
FN:81,(anonymous_0)
FN:81,Shared
FN:81,render
FNF:3
FNH:3
FNDA:1,(anonymous_0)
FNDA:28,Shared
FNDA:32,render
DA:1,1
DA:2,1
DA:3,1
DA:27,1
DA:81,28
DA:94,32
DA:95,0
DA:103,32
DA:104,0
DA:112,32
DA:131,1
LF:11
LH:9
BRDA:94,0,0,0
BRDA:94,0,1,32
BRDA:103,1,0,0
BRDA:103,1,1,32
BRDA:119,2,0,32
BRDA:119,2,1,0
BRF:6
BRH:3
end_of_record
TN:
SF:/Users/hyochan/Documents/GitHub/dooboolab/react-native-training/react-navigation-ex/src/components/shared/TextInput.js
FN:84,(anonymous_0)
FN:91,Shared
FN:96,render
FN:119,onFocus
FN:120,onBlur
FNF:5
FNH:3
FNDA:1,(anonymous_0)
FNDA:28,Shared
FNDA:32,render
FNDA:0,onFocus
FNDA:0,onBlur
DA:1,1
DA:2,1
DA:3,1
DA:10,1
DA:20,1
DA:84,1
DA:91,28
DA:92,28
DA:93,28
DA:94,28
DA:96,1
DA:98,32
DA:99,32
DA:119,0
DA:120,0
DA:127,1
LF:16
LH:14
BRDA:105,0,0,0
BRDA:105,0,1,32
BRDA:106,1,0,0
BRDA:106,1,1,0
BRDA:113,2,0,0
BRDA:113,2,1,32
BRF:6
BRH:2
end_of_record
TN:
SF:/Users/hyochan/Documents/GitHub/dooboolab/react-native-training/react-navigation-ex/src/utils/Icons.js
FNF:0
FNH:0
DA:1,1
LF:1
LH:1
BRF:0
BRH:0
end_of_record
TN:
SF:/Users/hyochan/Documents/GitHub/dooboolab/react-native-training/react-navigation-ex/src/utils/Styles.js
FNF:0
FNH:0
DA:1,1
DA:7,1
LF:2
LH:2
BRF:0
BRH:0
end_of_record
